<?xml version="1.0" encoding="UTF-8"?>
<testsuite name="mega.MainTest" tests="1" skipped="0" failures="0" errors="0" timestamp="2024-12-26T13:54:10" hostname="MEGATRON" time="0.013">
  <properties/>
  <testcase name="appHasAGreeting()" classname="mega.MainTest" time="0.013"/>
  <system-out><![CDATA[]]></system-out>
  <system-err><![CDATA[]]></system-err>
</testsuite>
